\BOOKMARK [1][-]{section.1}{\376\377\004\020\004\075\004\060\004\073\004\070\004\102\004\070\004\107\004\065\004\101\004\072\004\060\004\117\000\040\004\100\004\060\004\067\004\064\004\065\004\073}{}% 1
\BOOKMARK [2][-]{subsection.1.1}{\376\377\004\037\004\076\004\101\004\102\004\060\004\075\004\076\004\062\004\072\004\060\000\040\004\067\004\060\004\064\004\060\004\107\004\070}{section.1}% 2
\BOOKMARK [2][-]{subsection.1.2}{\376\377\004\032\004\073\004\060\004\101\004\101\004\070\004\107\004\065\004\101\004\072\004\070\004\071\000\040\004\077\004\076\004\064\004\105\004\076\004\064}{section.1}% 3
\BOOKMARK [2][-]{subsection.1.3}{\376\377\004\020\004\073\004\063\004\076\004\100\004\070\004\102\004\074\000\040\004\022\004\070\004\075\004\076\004\063\004\100\004\060\004\064\004\060}{section.1}% 4
\BOOKMARK [2][-]{subsection.1.4}{\376\377\004\036\004\077\004\102\004\070\004\074\004\070\004\067\004\070\004\100\004\076\004\062\004\060\004\075\004\075\004\113\004\071\000\040\004\060\004\073\004\063\004\076\004\100\004\070\004\102\004\074\000\040\004\022\004\070\004\075\004\076\004\063\004\100\004\060\004\064\004\060}{section.1}% 5
\BOOKMARK [2][-]{subsection.1.5}{\376\377\004\022\004\113\004\062\004\076\004\064}{section.1}% 6
\BOOKMARK [1][-]{section.2}{\376\377\004\032\004\076\004\075\004\101\004\102\004\100\004\103\004\072\004\102\004\076\004\100\004\101\004\072\004\070\004\071\000\040\004\100\004\060\004\067\004\064\004\065\004\073}{}% 7
\BOOKMARK [2][-]{subsection.2.1}{\376\377\004\020\004\073\004\063\004\076\004\100\004\070\004\102\004\074\004\113}{section.2}% 8
\BOOKMARK [2][-]{subsection.2.2}{\376\377\004\034\004\076\004\064\004\065\004\073\004\114\000\040\004\102\004\100\004\103\004\064\004\076\004\065\004\074\004\072\004\076\004\101\004\102\004\070}{section.2}% 9
\BOOKMARK [2][-]{subsection.2.3}{\376\377\004\040\004\060\004\101\004\107\004\065\004\102\000\040\004\101\004\073\004\076\004\066\004\075\004\076\004\101\004\102\004\070\000\040\004\060\004\073\004\063\004\076\004\100\004\070\004\102\004\074\004\076\004\062}{section.2}% 10
\BOOKMARK [3][-]{subsubsection.2.3.1}{\376\377\004\032\004\073\004\060\004\101\004\101\004\070\004\107\004\065\004\101\004\072\004\070\004\071\000\040\004\060\004\073\004\063\004\076\004\100\004\070\004\102\004\074}{subsection.2.3}% 11
\BOOKMARK [3][-]{subsubsection.2.3.2}{\376\377\004\020\004\073\004\063\004\076\004\100\004\070\004\102\004\074\000\040\004\022\004\070\004\075\004\076\004\063\004\100\004\060\004\064\004\060}{subsection.2.3}% 12
\BOOKMARK [3][-]{subsubsection.2.3.3}{\376\377\004\034\004\076\004\064\000.\000\040\004\020\004\073\004\063\004\076\004\100\004\070\004\102\004\074\000\040\004\022\004\070\004\075\004\076\004\063\004\100\004\060\004\064\004\060}{subsection.2.3}% 13
\BOOKMARK [1][-]{section.3}{\376\377\004\042\004\065\004\105\004\075\004\076\004\073\004\076\004\063\004\070\004\107\004\065\004\101\004\072\004\070\004\071\000\040\004\100\004\060\004\067\004\064\004\065\004\073}{}% 14
\BOOKMARK [2][-]{subsection.3.1}{\376\377\004\042\004\100\004\065\004\061\004\076\004\062\004\060\004\075\004\070\004\117}{section.3}% 15
\BOOKMARK [2][-]{subsection.3.2}{\376\377\004\022\004\113\004\061\004\076\004\100\000\040\004\117\004\067\004\113\004\072\004\060\000\040\004\070\000\040\004\101\004\100\004\065\004\064\004\113\000\040\004\100\004\060\004\067\004\100\004\060\004\061\004\076\004\102\004\072\004\070}{section.3}% 16
\BOOKMARK [2][-]{subsection.3.3}{\376\377\004\030\004\075\004\102\004\065\004\100\004\104\004\065\004\071\004\101}{section.3}% 17
\BOOKMARK [2][-]{subsection.3.4}{\376\377\004\033\004\070\004\101\004\102\004\070\004\075\004\063}{section.3}% 18
\BOOKMARK [3][-]{subsubsection.3.4.1}{\376\377\004\032\004\073\004\060\004\101\004\101\004\070\004\107\004\065\004\101\004\072\004\070\004\071}{subsection.3.4}% 19
\BOOKMARK [3][-]{subsubsection.3.4.2}{\376\377\004\022\004\070\004\075\004\076\004\063\004\100\004\060\004\064\004\060}{subsection.3.4}% 20
\BOOKMARK [3][-]{subsubsection.3.4.3}{\376\377\004\022\004\070\004\075\004\076\004\063\004\076\004\100\004\060\004\064\004\060\000\040\004\103\004\073\004\103\004\107\004\110\004\065\004\075\004\075\004\113\004\071}{subsection.3.4}% 21
\BOOKMARK [1][-]{section.4}{\376\377\004\030\004\101\004\101\004\073\004\065\004\064\004\076\004\062\004\060\004\102\004\065\004\073\004\114\004\101\004\072\004\070\004\071\000\040\004\100\004\060\004\067\004\064\004\065\004\073}{}% 22
\BOOKMARK [2][-]{subsubsection.4.0.1}{\376\377\000D\000e\000b\000u\000g}{section.4}% 23
\BOOKMARK [3][-]{subsubsection.4.0.2}{\376\377\000R\000e\000l\000e\000a\000s\000e}{subsubsection.4.0.1}% 24
\BOOKMARK [2][-]{subsection.4.1}{\376\377\004\022\004\113\004\062\004\076\004\064}{section.4}% 25
\BOOKMARK [1][-]{subsection.4.1}{\376\377\004\041\004\077\004\070\004\101\004\076\004\072\000\040\004\073\004\070\004\102\004\065\004\100\004\060\004\102\004\103\004\100\004\113}{}% 26
